ERROR - 2021-06-03 07:13:02 --> Error connecting to the database: Class 'SQLite3' not found
CRITICAL - 2021-06-03 08:07:32 --> syntax error, unexpected '<'
#0 C:\xampp\htdocs\idle_activity\vendor\codeigniter4\framework\system\View\View.php(232): CodeIgniter\View\View->CodeIgniter\View\{closure}()
#1 C:\xampp\htdocs\idle_activity\vendor\codeigniter4\framework\system\Common.php(1250): CodeIgniter\View\View->render('\\App\\Views\\Auth...', Array, true)
#2 C:\xampp\htdocs\idle_activity\vendor\myth\auth\src\Controllers\AuthController.php(136): view('\\App\\Views\\Auth...', Array)
#3 C:\xampp\htdocs\idle_activity\vendor\codeigniter4\framework\system\CodeIgniter.php(931): Myth\Auth\Controllers\AuthController->register()
#4 C:\xampp\htdocs\idle_activity\vendor\codeigniter4\framework\system\CodeIgniter.php(439): CodeIgniter\CodeIgniter->runController(Object(Myth\Auth\Controllers\AuthController))
#5 C:\xampp\htdocs\idle_activity\vendor\codeigniter4\framework\system\CodeIgniter.php(339): CodeIgniter\CodeIgniter->handleRequest(NULL, Object(Config\Cache), false)
#6 C:\xampp\htdocs\idle_activity\public\index.php(36): CodeIgniter\CodeIgniter->run()
#7 C:\xampp\htdocs\idle_activity\vendor\codeigniter4\framework\system\Commands\Server\rewrite.php(45): require_once('C:\\xampp\\htdocs...')
#8 {main}
CRITICAL - 2021-06-03 09:39:24 --> You do not have sufficient permissions to access that page.
#0 C:\xampp\htdocs\idle_activity\vendor\codeigniter4\framework\system\Filters\Filters.php(181): Myth\Auth\Filters\RoleFilter->before(Object(CodeIgniter\HTTP\IncomingRequest), Array)
#1 C:\xampp\htdocs\idle_activity\vendor\codeigniter4\framework\system\CodeIgniter.php(410): CodeIgniter\Filters\Filters->run('admin', 'before')
#2 C:\xampp\htdocs\idle_activity\vendor\codeigniter4\framework\system\CodeIgniter.php(339): CodeIgniter\CodeIgniter->handleRequest(NULL, Object(Config\Cache), false)
#3 C:\xampp\htdocs\idle_activity\public\index.php(36): CodeIgniter\CodeIgniter->run()
#4 C:\xampp\htdocs\idle_activity\vendor\codeigniter4\framework\system\Commands\Server\rewrite.php(45): require_once('C:\\xampp\\htdocs...')
#5 {main}
ERROR - 2021-06-03 10:36:01 --> Unknown column 'user.id' in 'on clause'
CRITICAL - 2021-06-03 10:36:02 --> Unknown column 'user.id' in 'on clause'
#0 C:\xampp\htdocs\idle_activity\vendor\codeigniter4\framework\system\Database\MySQLi\Connection.php(329): mysqli->query('SELECT `users`....')
#1 C:\xampp\htdocs\idle_activity\vendor\codeigniter4\framework\system\Database\BaseConnection.php(732): CodeIgniter\Database\MySQLi\Connection->execute('SELECT `users`....')
#2 C:\xampp\htdocs\idle_activity\vendor\codeigniter4\framework\system\Database\BaseConnection.php(647): CodeIgniter\Database\BaseConnection->simpleQuery('SELECT `users`....')
#3 C:\xampp\htdocs\idle_activity\vendor\codeigniter4\framework\system\Database\BaseBuilder.php(1881): CodeIgniter\Database\BaseConnection->query('SELECT `users`....', Array, false)
#4 C:\xampp\htdocs\idle_activity\app\Controllers\Admin.php(24): CodeIgniter\Database\BaseBuilder->get()
#5 C:\xampp\htdocs\idle_activity\vendor\codeigniter4\framework\system\CodeIgniter.php(931): App\Controllers\Admin->userList()
#6 C:\xampp\htdocs\idle_activity\vendor\codeigniter4\framework\system\CodeIgniter.php(439): CodeIgniter\CodeIgniter->runController(Object(App\Controllers\Admin))
#7 C:\xampp\htdocs\idle_activity\vendor\codeigniter4\framework\system\CodeIgniter.php(339): CodeIgniter\CodeIgniter->handleRequest(NULL, Object(Config\Cache), false)
#8 C:\xampp\htdocs\idle_activity\public\index.php(36): CodeIgniter\CodeIgniter->run()
#9 C:\xampp\htdocs\idle_activity\vendor\codeigniter4\framework\system\Commands\Server\rewrite.php(45): require_once('C:\\xampp\\htdocs...')
#10 {main}
CRITICAL - 2021-06-03 10:40:22 --> Undefined variable: query
#0 C:\xampp\htdocs\idle_activity\app\Controllers\Admin.php(26): CodeIgniter\Debug\Exceptions->errorHandler(8, 'Undefined varia...', 'C:\\xampp\\htdocs...', 26, Array)
#1 C:\xampp\htdocs\idle_activity\vendor\codeigniter4\framework\system\CodeIgniter.php(931): App\Controllers\Admin->userList()
#2 C:\xampp\htdocs\idle_activity\vendor\codeigniter4\framework\system\CodeIgniter.php(439): CodeIgniter\CodeIgniter->runController(Object(App\Controllers\Admin))
#3 C:\xampp\htdocs\idle_activity\vendor\codeigniter4\framework\system\CodeIgniter.php(339): CodeIgniter\CodeIgniter->handleRequest(NULL, Object(Config\Cache), false)
#4 C:\xampp\htdocs\idle_activity\public\index.php(36): CodeIgniter\CodeIgniter->run()
#5 C:\xampp\htdocs\idle_activity\vendor\codeigniter4\framework\system\Commands\Server\rewrite.php(45): require_once('C:\\xampp\\htdocs...')
#6 {main}
ERROR - 2021-06-03 10:40:33 --> Unknown column 'user.id' in 'on clause'
CRITICAL - 2021-06-03 10:40:33 --> Unknown column 'user.id' in 'on clause'
#0 C:\xampp\htdocs\idle_activity\vendor\codeigniter4\framework\system\Database\MySQLi\Connection.php(329): mysqli->query('SELECT `users`....')
#1 C:\xampp\htdocs\idle_activity\vendor\codeigniter4\framework\system\Database\BaseConnection.php(732): CodeIgniter\Database\MySQLi\Connection->execute('SELECT `users`....')
#2 C:\xampp\htdocs\idle_activity\vendor\codeigniter4\framework\system\Database\BaseConnection.php(647): CodeIgniter\Database\BaseConnection->simpleQuery('SELECT `users`....')
#3 C:\xampp\htdocs\idle_activity\vendor\codeigniter4\framework\system\Database\BaseBuilder.php(1881): CodeIgniter\Database\BaseConnection->query('SELECT `users`....', Array, false)
#4 C:\xampp\htdocs\idle_activity\app\Controllers\Admin.php(24): CodeIgniter\Database\BaseBuilder->get()
#5 C:\xampp\htdocs\idle_activity\vendor\codeigniter4\framework\system\CodeIgniter.php(931): App\Controllers\Admin->userList()
#6 C:\xampp\htdocs\idle_activity\vendor\codeigniter4\framework\system\CodeIgniter.php(439): CodeIgniter\CodeIgniter->runController(Object(App\Controllers\Admin))
#7 C:\xampp\htdocs\idle_activity\vendor\codeigniter4\framework\system\CodeIgniter.php(339): CodeIgniter\CodeIgniter->handleRequest(NULL, Object(Config\Cache), false)
#8 C:\xampp\htdocs\idle_activity\public\index.php(36): CodeIgniter\CodeIgniter->run()
#9 C:\xampp\htdocs\idle_activity\vendor\codeigniter4\framework\system\Commands\Server\rewrite.php(45): require_once('C:\\xampp\\htdocs...')
#10 {main}
CRITICAL - 2021-06-03 10:53:55 --> Undefined variable: db
#0 C:\xampp\htdocs\idle_activity\app\Controllers\Admin.php(11): CodeIgniter\Debug\Exceptions->errorHandler(8, 'Undefined varia...', 'C:\\xampp\\htdocs...', 11, Array)
#1 C:\xampp\htdocs\idle_activity\vendor\codeigniter4\framework\system\CodeIgniter.php(903): App\Controllers\Admin->__construct()
#2 C:\xampp\htdocs\idle_activity\vendor\codeigniter4\framework\system\CodeIgniter.php(429): CodeIgniter\CodeIgniter->createController()
#3 C:\xampp\htdocs\idle_activity\vendor\codeigniter4\framework\system\CodeIgniter.php(339): CodeIgniter\CodeIgniter->handleRequest(NULL, Object(Config\Cache), false)
#4 C:\xampp\htdocs\idle_activity\public\index.php(36): CodeIgniter\CodeIgniter->run()
#5 C:\xampp\htdocs\idle_activity\vendor\codeigniter4\framework\system\Commands\Server\rewrite.php(45): require_once('C:\\xampp\\htdocs...')
#6 {main}
CRITICAL - 2021-06-03 10:55:30 --> Undefined variable: db
#0 C:\xampp\htdocs\idle_activity\app\Controllers\Admin.php(11): CodeIgniter\Debug\Exceptions->errorHandler(8, 'Undefined varia...', 'C:\\xampp\\htdocs...', 11, Array)
#1 C:\xampp\htdocs\idle_activity\vendor\codeigniter4\framework\system\CodeIgniter.php(903): App\Controllers\Admin->__construct()
#2 C:\xampp\htdocs\idle_activity\vendor\codeigniter4\framework\system\CodeIgniter.php(429): CodeIgniter\CodeIgniter->createController()
#3 C:\xampp\htdocs\idle_activity\vendor\codeigniter4\framework\system\CodeIgniter.php(339): CodeIgniter\CodeIgniter->handleRequest(NULL, Object(Config\Cache), false)
#4 C:\xampp\htdocs\idle_activity\public\index.php(36): CodeIgniter\CodeIgniter->run()
#5 C:\xampp\htdocs\idle_activity\vendor\codeigniter4\framework\system\Commands\Server\rewrite.php(45): require_once('C:\\xampp\\htdocs...')
#6 {main}
CRITICAL - 2021-06-03 10:55:31 --> Undefined variable: db
#0 C:\xampp\htdocs\idle_activity\app\Controllers\Admin.php(11): CodeIgniter\Debug\Exceptions->errorHandler(8, 'Undefined varia...', 'C:\\xampp\\htdocs...', 11, Array)
#1 C:\xampp\htdocs\idle_activity\vendor\codeigniter4\framework\system\CodeIgniter.php(903): App\Controllers\Admin->__construct()
#2 C:\xampp\htdocs\idle_activity\vendor\codeigniter4\framework\system\CodeIgniter.php(429): CodeIgniter\CodeIgniter->createController()
#3 C:\xampp\htdocs\idle_activity\vendor\codeigniter4\framework\system\CodeIgniter.php(339): CodeIgniter\CodeIgniter->handleRequest(NULL, Object(Config\Cache), false)
#4 C:\xampp\htdocs\idle_activity\public\index.php(36): CodeIgniter\CodeIgniter->run()
#5 C:\xampp\htdocs\idle_activity\vendor\codeigniter4\framework\system\Commands\Server\rewrite.php(45): require_once('C:\\xampp\\htdocs...')
#6 {main}
CRITICAL - 2021-06-03 10:56:52 --> Undefined variable: db
#0 C:\xampp\htdocs\idle_activity\app\Controllers\Admin.php(11): CodeIgniter\Debug\Exceptions->errorHandler(8, 'Undefined varia...', 'C:\\xampp\\htdocs...', 11, Array)
#1 C:\xampp\htdocs\idle_activity\vendor\codeigniter4\framework\system\CodeIgniter.php(903): App\Controllers\Admin->__construct()
#2 C:\xampp\htdocs\idle_activity\vendor\codeigniter4\framework\system\CodeIgniter.php(429): CodeIgniter\CodeIgniter->createController()
#3 C:\xampp\htdocs\idle_activity\vendor\codeigniter4\framework\system\CodeIgniter.php(339): CodeIgniter\CodeIgniter->handleRequest(NULL, Object(Config\Cache), false)
#4 C:\xampp\htdocs\idle_activity\public\index.php(36): CodeIgniter\CodeIgniter->run()
#5 C:\xampp\htdocs\idle_activity\vendor\codeigniter4\framework\system\Commands\Server\rewrite.php(45): require_once('C:\\xampp\\htdocs...')
#6 {main}
CRITICAL - 2021-06-03 10:56:53 --> Undefined variable: db
#0 C:\xampp\htdocs\idle_activity\app\Controllers\Admin.php(11): CodeIgniter\Debug\Exceptions->errorHandler(8, 'Undefined varia...', 'C:\\xampp\\htdocs...', 11, Array)
#1 C:\xampp\htdocs\idle_activity\vendor\codeigniter4\framework\system\CodeIgniter.php(903): App\Controllers\Admin->__construct()
#2 C:\xampp\htdocs\idle_activity\vendor\codeigniter4\framework\system\CodeIgniter.php(429): CodeIgniter\CodeIgniter->createController()
#3 C:\xampp\htdocs\idle_activity\vendor\codeigniter4\framework\system\CodeIgniter.php(339): CodeIgniter\CodeIgniter->handleRequest(NULL, Object(Config\Cache), false)
#4 C:\xampp\htdocs\idle_activity\public\index.php(36): CodeIgniter\CodeIgniter->run()
#5 C:\xampp\htdocs\idle_activity\vendor\codeigniter4\framework\system\Commands\Server\rewrite.php(45): require_once('C:\\xampp\\htdocs...')
#6 {main}
CRITICAL - 2021-06-03 10:57:21 --> Undefined variable: builder
#0 C:\xampp\htdocs\idle_activity\app\Controllers\Admin.php(12): CodeIgniter\Debug\Exceptions->errorHandler(8, 'Undefined varia...', 'C:\\xampp\\htdocs...', 12, Array)
#1 C:\xampp\htdocs\idle_activity\vendor\codeigniter4\framework\system\CodeIgniter.php(903): App\Controllers\Admin->__construct()
#2 C:\xampp\htdocs\idle_activity\vendor\codeigniter4\framework\system\CodeIgniter.php(429): CodeIgniter\CodeIgniter->createController()
#3 C:\xampp\htdocs\idle_activity\vendor\codeigniter4\framework\system\CodeIgniter.php(339): CodeIgniter\CodeIgniter->handleRequest(NULL, Object(Config\Cache), false)
#4 C:\xampp\htdocs\idle_activity\public\index.php(36): CodeIgniter\CodeIgniter->run()
#5 C:\xampp\htdocs\idle_activity\vendor\codeigniter4\framework\system\Commands\Server\rewrite.php(45): require_once('C:\\xampp\\htdocs...')
#6 {main}
CRITICAL - 2021-06-03 11:22:21 --> Invalid file: admin/myProfile.php
#0 C:\xampp\htdocs\idle_activity\vendor\codeigniter4\framework\system\View\View.php(213): CodeIgniter\Exceptions\FrameworkException::forInvalidFile('admin/myProfile...')
#1 C:\xampp\htdocs\idle_activity\vendor\codeigniter4\framework\system\Common.php(1250): CodeIgniter\View\View->render('admin/myProfile', Array, true)
#2 C:\xampp\htdocs\idle_activity\app\Controllers\User.php(16): view('admin/myProfile', Array)
#3 C:\xampp\htdocs\idle_activity\vendor\codeigniter4\framework\system\CodeIgniter.php(931): App\Controllers\User->myProfile()
#4 C:\xampp\htdocs\idle_activity\vendor\codeigniter4\framework\system\CodeIgniter.php(439): CodeIgniter\CodeIgniter->runController(Object(App\Controllers\User))
#5 C:\xampp\htdocs\idle_activity\vendor\codeigniter4\framework\system\CodeIgniter.php(339): CodeIgniter\CodeIgniter->handleRequest(NULL, Object(Config\Cache), false)
#6 C:\xampp\htdocs\idle_activity\public\index.php(36): CodeIgniter\CodeIgniter->run()
#7 C:\xampp\htdocs\idle_activity\vendor\codeigniter4\framework\system\Commands\Server\rewrite.php(45): require_once('C:\\xampp\\htdocs...')
#8 {main}
